<?xml version="1.0" encoding="UTF-8"?>
<testng-results skipped="0" failed="0" ignored="0" total="1" passed="1">
  <reporter-output>
  </reporter-output>
  <suite name="Default suite" duration-ms="2141" started-at="2020-04-13T12:03:37 IST" finished-at="2020-04-13T12:03:39 IST">
    <groups>
    </groups>
    <test name="Default test" duration-ms="2141" started-at="2020-04-13T12:03:37 IST" finished-at="2020-04-13T12:03:39 IST">
      <class name="com.qa.Test.GetApiTest">
        <test-method status="PASS" signature="setup()[pri:0, instance:com.qa.Test.GetApiTest@3701eaf6]" name="setup" is-config="true" duration-ms="10" started-at="2020-04-13T12:03:37 IST" finished-at="2020-04-13T12:03:37 IST">
          <reporter-output>
          </reporter-output>
        </test-method> <!-- setup -->
        <test-method status="PASS" signature="getTest()[pri:0, instance:com.qa.Test.GetApiTest@3701eaf6]" name="getTest" duration-ms="2087" started-at="2020-04-13T12:03:37 IST" finished-at="2020-04-13T12:03:39 IST">
          <reporter-output>
          </reporter-output>
        </test-method> <!-- getTest -->
      </class> <!-- com.qa.Test.GetApiTest -->
    </test> <!-- Default test -->
  </suite> <!-- Default suite -->
</testng-results>
